<?xml version="1.0" encoding="UTF-8"?>
<!-- Generated by org.testng.reporters.JUnitXMLReporter -->
<testsuite ignored="0" hostname="SunilKumarBruce" failures="1" tests="1" name="Test" time="0.304" errors="0" timestamp="2025-08-13T17:28:15 IST">
  <testcase classname="testCases.AccReg_TC01" name="verifyaccreg" time="0.006">
    <failure type="java.lang.AssertionError" message="null">
      <![CDATA[java.lang.AssertionError: null
at testCases.AccReg_TC01.verifyaccreg(AccReg_TC01.java:85)
at java.base/java.util.ArrayList.forEach(ArrayList.java:1596)
... Removed 31 stack frames]]>
    </failure>
  </testcase> <!-- verifyaccreg -->
</testsuite> <!-- Test -->
